MPASM 5.71                         FASE3.ASM   2-17-2017  14:09:21         PAGE  1


LOC  OBJECT CODE     LINE SOURCE TEXT
  VALUE

                      00001         LIST P=18F4321, F=INHX32
                      00002         #include <P18F4321.INC> 
                      00001         LIST
                      00002 
                      00003 ;==========================================================================
                      00004 ; Build date : Nov 17 2016
                      00005 ;  MPASM PIC18F4321 processor include
                      00006 ; 
                      00007 ;  (c) Copyright 1999-2016 Microchip Technology, All rights reserved
                      00008 ;==========================================================================
                      00009 
                      01455         LIST
                      00003 
                      00004 ;******************
                      00005 ;* CONFIGURACIONS *
                      00006 ;******************
                      00007         CONFIG  OSC = HSPLL             
                      00008         CONFIG  PBADEN = DIG
                      00009         CONFIG  WDT = OFF
                      00010 
                      00011 ;*************
                      00012 ;* VARIABLES *
                      00013 ;*************
                      00014 
  00000000            00015 QLEDS           EQU 0x00
                      00016 ;LINIES_L       EQU 0x01        
                      00017 ;COLOR          EQU 0x02
                      00018 
                      00019 
                      00020 ;*************
                      00021 ;* CONSTANTS *
                      00022 ;*************
                      00023 
                      00024 
                      00025 ;*********************************
                      00026 ; VECTORS DE RESET I INTERRUPCIÓ *
                      00027 ;*********************************
                      00028         ORG 0x000000
000000                00029 RESET_VECTOR
000000 EF?? F???      00030         goto MAIN               
                      00031 
                      00032         ORG 0x000008
000008                00033 HI_INT_VECTOR
000008 D???           00034         bra     HIGH_INT        
                      00035 
                      00036         ORG 0x000018
000018                00037 LOW_INT_VECTOR
000018 0011           00038         retfie FAST
                      00039 
                      00040 ;***********************************
                      00041 ;* RUTINES DE SERVEI D'INTERRUPCIÓ *
                      00042 ;***********************************
00001A                00043 HIGH_INT
MPASM 5.71                         FASE3.ASM   2-17-2017  14:09:21         PAGE  2


LOC  OBJECT CODE     LINE SOURCE TEXT
  VALUE

00001A EC?? F???      00044         call RESET_TIMER 
00001E B4F2           00045         btfsc INTCON, TMR0IF, 0
000020 EF?? F???      00046             goto PROCESSA_LEDS  
000024 0011           00047         retfie FAST    
                      00048         
                      00049 ;       clrf LATA, 0
                      00050 ;       call RESET_TIMER            ;ele primer que fem és ressetejar el timer.
                      00051 ;       bsf LATE, 0, 0              ;activem HSync. 
                      00052 ;       movlw 0x00
                      00053 ;       cpfsgt LINIES_H, 0          ;cmprovem si estem per sobre de les 256 primeres línies
                      00054 ;           goto COMPARA_02         ;miramos si LINEAS_LOW esta por debajo de 2
                      00055 ;       bcf LATE, 1, 0              ;posem VSync a 0 si LINEAS_H no es 0.
                      00056 ;       call NOPS10
                      00057 ;       nop
                      00058         
000026                00059 PROCESSA_LEDS   
000026 2A00           00060         incf QLEDS, 1, 0
000028 0E80           00061         movlw 0x80
00002A 6000           00062         cpfslt QLEDS, 0
00002C EF?? F???      00063             goto BLINKING 
000030 94F2           00064         bcf INTCON, TMR0IF, 0       ;posem a 0 el bit de overflow del timer.
000032 0011           00065         retfie FAST    
                      00066         
000034                00067 BLINKING
000034 6683           00068         tstfsz PORTD, 0
000036 EF?? F???      00069             goto APAGA_LEDS
00003A 0EFF           00070          movlw 0xFF
00003C 6E8C           00071          movwf LATD, 0
00003E 8A8B           00072          bsf LATC, 5, 0
000040 888B           00073          bsf LATC, 4, 0
000042 6A00           00074          clrf QLEDS, 0
000044 94F2           00075          bcf INTCON, TMR0IF, 0      ;posem a 0 el bit de overflow del timer. 
000046 0011           00076          retfie FAST
                      00077          
000048                00078 APAGA_LEDS
000048 6A8C           00079          clrf LATD, 0
00004A 9A8B           00080          bcf LATC, 5, 0
00004C 988B           00081          bcf LATC, 4, 0
00004E 6A00           00082          clrf QLEDS, 0
000050 94F2           00083          bcf INTCON, TMR0IF, 0      ;posem a 0 el bit de overflow del timer. 
000052 0011           00084          retfie FAST
                      00085          
                      00086 
                      00087         
                      00088 ;FINAL
                      00089 ;       incf LINIES_L, 1, 0
                      00090 ;       btfsc STATUS, C, 0          ;si hi h hagut carry, haurem d'augmentar les LINEAS_H
                      00091 ;           goto AUMENTA_LINIES_H
                      00092 ;       nop
                      00093 ;       nop
                      00094 ;       call RESET_LINIES
                      00095 ;       bcf LATE, 0, 0
                      00096 ;       retfie  FAST
MPASM 5.71                         FASE3.ASM   2-17-2017  14:09:21         PAGE  3


LOC  OBJECT CODE     LINE SOURCE TEXT
  VALUE

                      00097 ;       
                      00098 ;AUMENTA_LINIES_H
                      00099 ;       incf LINIES_H, 1, 0         ;incrementamos LINEAS_HIGH
                      00100 ;       call RESET_LINIES           ;si s'ha de posar asi LINEAS_HIGH no es igual a 2 no hara nada
                      00101 ;       bcf LATE, 0, 0
                      00102 ;       nop
                      00103 ;       retfie  FAST
                      00104 ;       
                      00105 ;COMPARA_02
                      00106 ;       movlw 0x02
                      00107 ;       cpfslt LINIES_L, 0
                      00108 ;           goto RESET_VSYNC        ;si la linia és mes gran que 2, hem fet 2 HSync i haurem de posar a 
                            0 VSync.
                      00109 ;       bsf LATE, 1, 0              ;sino, l'activem.
                      00110 ;       call NOPS5
                      00111 ;       goto FINAL
                      00112 ;
                      00113 ;RESET_VSYNC
                      00114 ;       bcf LATE, 1, 0              ;posem VSync a 0.
                      00115  ;       call NOPS5
                      00116   ;      goto FINAL
                      00117     
                      00118 ;RESET_LINIES
                      00119  ;       movlw 0x02
                      00120   ;      cpfslt LINIES_H, 0         ;quan LINEAS_H sigui 2.
                      00121 ;           goto COMPARA_LINIES    ;comrpovem que LINEAS_L equivalgui a 525 linies (525d = 20Dh).
                      00122 ;       call NOPS5
                      00123  ;       nop
                      00124 ;       nop
                      00125  ;       return
                      00126     
                      00127 ;COMPARA_LINIES
                      00128  ;       movlw 0x0D
                      00129 ;       cpfslt LINIES_L, 0          
                      00130 ;           goto RESETS             ;si hem arribat al màxim posem a 0 tant LINEAS_H com LINEAS_L.
                      00131 ;       nop
                      00132  ;       nop
                      00133 ;       nop
                      00134  ;       return
                      00135     
                      00136 ;RESETS
                      00137 ;       clrf LINIES_H, 0
                      00138  ;       clrf LINIES_L, 0
                      00139         ;clrf ERRORS, 0
                      00140 ;       return
                      00141 
                      00142 ;****************************
                      00143 ;* MAIN I RESTA DE FUNCIONS *
                      00144 ;****************************
000054                00145 INIT_INT
000054 9ED0           00146         bcf RCON, IPEN, 0           ;resactivem les interrupcions de prioritat
000056 0E88           00147         movlw 0x88
000058 6ED5           00148         movwf T0CON, 0              ;configurem el TIMER0 amb 16 bits, amb clock intern, de low a high i
MPASM 5.71                         FASE3.ASM   2-17-2017  14:09:21         PAGE  4


LOC  OBJECT CODE     LINE SOURCE TEXT
  VALUE

                             sense prescaler.
00005A 0EE0           00149         movlw 0xE0
00005C 6EF2           00150         movwf INTCON, 0             ;configurem les interrupcions, activem l'overflow i desactivem les i
                            nterrupcions externes.
00005E 0E20           00151         movlw 0x20
000060 6E9D           00152         movwf PIE1, 0
000062 EC?? F???      00153         call RESET_TIMER
000066 0012           00154         return  
                      00155         
000068                00156 RESET_TIMER
000068 0E3C           00157         movlw 0x3C
00006A 6ED7           00158         movwf TMR0H, 0
00006C 0EB0           00159         movlw 0xB0
00006E 6ED6           00160         movwf TMR0L, 0
000070 0012           00161         return
                      00162         
000072                00163 INIT_VARS
000072 6A00           00164         clrf QLEDS, 0   
000074 0012           00165         return
                      00166         
000076                00167 INIT_PORTS
000076 6A92           00168         clrf TRISA, 0               ;configurem el port A de sortida
000078 0EC0           00169         movlw 0xC0
00007A 6E94           00170         movwf TRISC, 0
00007C 6A95           00171         clrf TRISD, 0
00007E 9E94           00172         bcf TRISC, 7 , 0
000080 9C94           00173         bcf TRISC, 6 , 0
                      00174         ;movlw 0x08
                      00175         ;movwf TRISE, 0             ;posem el bit 4 del port E com a entrada.
                      00176         ;setf TRISC, 0              ;posem el port C i el port D com a entrades.
000082 0012           00177         return
                      00178         
000084                00179 INIT_EUSART
000084 0E26           00180         movlw 0x26
000086 6EAC           00181         movwf TXSTA, 0              ;posem el but 4 del port E com a entrada.
000088 0E90           00182         movlw 0x90
00008A 6EAB           00183         movwf RCSTA, 0              ;posem el but 4 del port E com a entrada.
                      00184         ;movlw 0x90
                      00185         ;movwf BAUDCON, 0           ;posem el but 4 del port E com a entrada.
                      00186         ;movlw 0x90
                      00187         ;movwf SPBRGH, 0
00008C 0E81           00188         movlw 0x81
00008E 6EAF           00189         movwf SPBRG, 0
                      00190         ;bsf TRISC, 7 , 0
                      00191         ;bsf TRISC, 6 , 0
000090 0012           00192         return
                      00193         
                      00194 ;********
                      00195 ;* MAIN *
                      00196 ;********               
000092                00197 MAIN
000092 EC?? F???      00198         call INIT_VARS
000096 EC?? F???      00199         call INIT_PORTS
MPASM 5.71                         FASE3.ASM   2-17-2017  14:09:21         PAGE  5


LOC  OBJECT CODE     LINE SOURCE TEXT
  VALUE

00009A EC?? F???      00200         call INIT_INT
00009E EC?? F???      00201         call INIT_EUSART
                      00202 
0000A2                00203 LOOP    
0000A2 9E8B           00204         bcf LATC, 7, 0
0000A4 9C8B           00205         bcf LATC, 6, 0
0000A6 BA9E           00206         btfsc PIR1, RCIF, 0
0000A8 EF?? F???      00207             goto PROCESSA_BYTE
0000AC EF?? F???      00208         goto LOOP
                      00209         
0000B0                00210 PROCESSA_BYTE
0000B0 0E02           00211         movlw 0x02
0000B2 64AE           00212         cpfsgt RCREG, 0
0000B4 EF?? F???      00213             goto RESET_RAM
0000B8 0E04           00214         movlw 0x04
0000BA 64AE           00215         cpfsgt RCREG, 0
0000BC EF?? F???      00216             goto ENVIA_RF    
0000C0                00217 GUARDA_CARACTER 
0000C0 CFAE FFEE      00218         movff RCREG, POSTINC0 
0000C4 EF?? F???      00219         goto LOOP
                      00220         
0000C8                00221 RESET_RAM
0000C8 0E80           00222         movlw 0x80
0000CA 6EE9           00223         movwf FSR0L, 0
0000CC 6AEA           00224         clrf FSR0H, 0
0000CE                00225 ESBORRAR_LOOP
0000CE 6AEE           00226         clrf POSTINC0, 0
0000D0 0E01           00227         movlw 0x01
0000D2 62EA           00228         cpfseq FSR0H, 0
0000D4 EF?? F???      00229             goto ESBORRAR_LOOP
0000D8 0EAC           00230         movlw 0xAC
0000DA 62E9           00231         cpfseq FSR0L, 0
0000DC EF?? F???      00232             goto ESBORRAR_LOOP
0000E0 0E80           00233         movlw 0x80
0000E2 6EE9           00234         movwf FSR0L, 0
0000E4 6AEA           00235         clrf FSR0H, 0    
0000E6 EF?? F???      00236         goto LOOP   
                      00237         
0000EA                00238 ENVIA_RF
0000EA 0E80           00239         movlw 0x80
0000EC 6EE9           00240         movwf FSR0L, 0
0000EE 6AEA           00241         clrf FSR0H, 0
0000F0 A2AC           00242         btfss TXSTA, TRMT, 0
0000F2 EF?? F???      00243             goto ENVIA_RF
0000F6                00244 TX_PC       
0000F6 CFEE FFAD      00245         movff POSTINC0, TXREG 
0000FA 0E01           00246         movlw 0x01
0000FC 62EA           00247         cpfseq FSR0H, 0
0000FE EF?? F???      00248             goto TX_PC
000102 0EAC           00249         movlw 0xAC
000104 62E9           00250         cpfseq FSR0L, 0
000106 EF?? F???      00251             goto TX_PC
00010A EF?? F???      00252         goto LOOP       
MPASM 5.71                         FASE3.ASM   2-17-2017  14:09:21         PAGE  6


LOC  OBJECT CODE     LINE SOURCE TEXT
  VALUE

                      00253                 
00010E                00254 NOPS10
00010E EC?? F???      00255         call NOPS5
000112 0000           00256         nop
000114 0012           00257         return
                      00258         
000116                00259 NOPS5
000116 0000           00260         nop
000118 0012           00261         return
                      00262         
00011A                00263 NOPS50
00011A EC?? F???      00264         call NOPS10
00011E EC?? F???      00265         call NOPS10
000122 EC?? F???      00266         call NOPS10
000126 EC?? F???      00267         call NOPS10
00012A EC?? F???      00268         call NOPS5
00012E 0000           00269         nop
000130 0012           00270         return
                      00271 
                      00272 ;*******
                      00273 ;* END *
                      00274 ;*******
                      00275         END
MPASM 5.71                         FASE3.ASM   2-17-2017  14:09:21         PAGE  7


SYMBOL TABLE
  LABEL                             VALUE 

A                                 00000000
ABDEN                             00000000
ABDOVF                            00000007
ACCESS                            00000000
ACKDT                             00000005
ACKEN                             00000004
ACKSTAT                           00000006
ACQT0                             00000003
ACQT1                             00000004
ACQT2                             00000005
ADCON0                            00000FC2
ADCON1                            00000FC1
ADCON2                            00000FC0
ADCS0                             00000000
ADCS1                             00000001
ADCS2                             00000002
ADDEN                             00000003
ADEN                              00000003
ADFM                              00000007
ADIE                              00000006
ADIF                              00000006
ADIP                              00000006
ADMSK1                            00000001
ADMSK2                            00000002
ADMSK3                            00000003
ADMSK4                            00000004
ADMSK5                            00000005
ADON                              00000000
ADRES                             00000FC3
ADRESH                            00000FC4
ADRESL                            00000FC3
AN0                               00000000
AN1                               00000001
AN10                              00000001
AN11                              00000004
AN12                              00000000
AN2                               00000002
AN3                               00000003
AN4                               00000005
AN5                               00000000
AN6                               00000001
AN7                               00000002
AN8                               00000002
AN9                               00000003
APAGA_LEDS                        00000048
BANKED                            00000001
BAUDCON                           00000FB8
BAUDCTL                           00000FB8
BCLIE                             00000003
BCLIF                             00000003
BCLIP                             00000003
BF                                00000000
BGST                              00000005
MPASM 5.71                         FASE3.ASM   2-17-2017  14:09:21         PAGE  8


SYMBOL TABLE
  LABEL                             VALUE 

BLINKING                          00000034
BOR                               00000000
BRG16                             00000003
BRGH                              00000002
BSR                               00000FE0
C                                 00000000
C1INV                             00000004
C1N                               00000000
C1OUT_CMCON                       00000006
C1OUT_PORTA                       00000004
C1P                               00000003
C2INV                             00000005
C2N                               00000001
C2OUT_CMCON                       00000007
C2OUT_PORTA                       00000005
C2P                               00000002
CCP1                              00000002
CCP1CON                           00000FBD
CCP1IE                            00000002
CCP1IF                            00000002
CCP1IP                            00000002
CCP1M0                            00000000
CCP1M1                            00000001
CCP1M2                            00000002
CCP1M3                            00000003
CCP1X                             00000005
CCP1Y                             00000004
CCP2CON                           00000FBA
CCP2IE                            00000000
CCP2IF                            00000000
CCP2IP                            00000000
CCP2M0                            00000000
CCP2M1                            00000001
CCP2M2                            00000002
CCP2M3                            00000003
CCP2X                             00000005
CCP2Y                             00000004
CCP2_PORTB                        00000003
CCP2_PORTC                        00000001
CCPR1                             00000FBE
CCPR1H                            00000FBF
CCPR1L                            00000FBE
CCPR2                             00000FBB
CCPR2H                            00000FBC
CCPR2L                            00000FBB
CFGS                              00000006
CHS0                              00000002
CHS1                              00000003
CHS2                              00000004
CHS3                              00000005
CIS                               00000003
CK                                00000006
CKE                               00000006
MPASM 5.71                         FASE3.ASM   2-17-2017  14:09:21         PAGE  9


SYMBOL TABLE
  LABEL                             VALUE 

CKP                               00000004
CLKI                              00000007
CLKO                              00000006
CM0                               00000000
CM1                               00000001
CM2                               00000002
CMCON                             00000FB4
CMIE                              00000006
CMIF                              00000006
CMIP                              00000006
CREN                              00000004
CS                                00000002
CSRC                              00000007
CVR0                              00000000
CVR1                              00000001
CVR2                              00000002
CVR3                              00000003
CVRCON                            00000FB5
CVREF                             00000002
CVREN                             00000007
CVROE                             00000006
CVRR                              00000005
CVRSS                             00000004
D                                 00000005
DC                                00000001
DC1B0                             00000004
DC1B1                             00000005
DC2B0                             00000004
DC2B1                             00000005
DDRA                              TRISA
DDRB                              TRISB
DDRC                              TRISC
DDRD                              TRISD
DDRE                              TRISE
DONE                              00000001
D_A                               00000005
D_NOT_A                           00000005
ECCP1AS                           00000FB6
ECCP1CON                          00000FBD
ECCP1DEL                          00000FB7
ECCPAS0                           00000004
ECCPAS1                           00000005
ECCPAS2                           00000006
ECCPASE                           00000007
EEADR                             00000FA9
EECON1                            00000FA6
EECON2                            00000FA7
EEDATA                            00000FA8
EEIE                              00000004
EEIF                              00000004
EEIP                              00000004
EEPGD                             00000007
ENVIA_RF                          000000EA
MPASM 5.71                         FASE3.ASM   2-17-2017  14:09:21         PAGE 10


SYMBOL TABLE
  LABEL                             VALUE 

ESBORRAR_LOOP                     000000CE
FAST                              00000001
FERR                              00000002
FLT0                              00000000
FLTS                              00000002
FREE                              00000004
FSR0                              00000000
FSR0H                             00000FEA
FSR0L                             00000FE9
FSR1                              00000001
FSR1H                             00000FE2
FSR1L                             00000FE1
FSR2                              00000002
FSR2H                             00000FDA
FSR2L                             00000FD9
GCEN                              00000007
GIE                               00000007
GIEH                              00000007
GIEL                              00000006
GIE_GIEH                          00000007
GO                                00000001
GO_DONE                           00000001
GO_NOT_DONE                       00000001
GUARDA_CARACTER                   000000C0
HIGH_INT                          0000001A
HI_INT_VECTOR                     00000008
HLVDCON                           00000FD2
HLVDEN                            00000004
HLVDIE                            00000002
HLVDIF                            00000002
HLVDIN                            00000005
HLVDIP                            00000002
HLVDL0                            00000000
HLVDL1                            00000001
HLVDL2                            00000002
HLVDL3                            00000003
IBF                               00000007
IBOV                              00000005
IDLEN                             00000007
INDF0                             00000FEF
INDF1                             00000FE7
INDF2                             00000FDF
INIT_EUSART                       00000084
INIT_INT                          00000054
INIT_PORTS                        00000076
INIT_VARS                         00000072
INT0                              00000000
INT0E                             00000004
INT0F                             00000001
INT0IE                            00000004
INT0IF                            00000001
INT1                              00000001
INT1E                             00000003
MPASM 5.71                         FASE3.ASM   2-17-2017  14:09:21         PAGE 11


SYMBOL TABLE
  LABEL                             VALUE 

INT1F                             00000000
INT1IE                            00000003
INT1IF                            00000000
INT1IP                            00000006
INT1P                             00000006
INT2                              00000002
INT2E                             00000004
INT2F                             00000001
INT2IE                            00000004
INT2IF                            00000001
INT2IP                            00000007
INT2P                             00000007
INTCON                            00000FF2
INTCON2                           00000FF1
INTCON3                           00000FF0
INTEDG0                           00000006
INTEDG1                           00000005
INTEDG2                           00000004
INTSRC                            00000007
IOFS                              00000002
IPEN                              00000007
IPR1                              00000F9F
IPR2                              00000FA2
IRCF0                             00000004
IRCF1                             00000005
IRCF2                             00000006
IRVST                             00000005
KBI0                              00000004
KBI1                              00000005
KBI2                              00000006
KBI3                              00000007
LATA                              00000F89
LATA0                             00000000
LATA1                             00000001
LATA2                             00000002
LATA3                             00000003
LATA4                             00000004
LATA5                             00000005
LATA6                             00000006
LATA7                             00000007
LATB                              00000F8A
LATB0                             00000000
LATB1                             00000001
LATB2                             00000002
LATB3                             00000003
LATB4                             00000004
LATB5                             00000005
LATB6                             00000006
LATB7                             00000007
LATC                              00000F8B
LATC0                             00000000
LATC1                             00000001
LATC2                             00000002
MPASM 5.71                         FASE3.ASM   2-17-2017  14:09:21         PAGE 12


SYMBOL TABLE
  LABEL                             VALUE 

LATC3                             00000003
LATC4                             00000004
LATC5                             00000005
LATC6                             00000006
LATC7                             00000007
LATD                              00000F8C
LATD0                             00000000
LATD1                             00000001
LATD2                             00000002
LATD3                             00000003
LATD4                             00000004
LATD5                             00000005
LATD6                             00000006
LATD7                             00000007
LATE                              00000F8D
LATE0                             00000000
LATE1                             00000001
LATE2                             00000002
LOOP                              000000A2
LOW_INT_VECTOR                    00000018
LVDCON                            00000FD2
LVDEN                             00000004
LVDIE                             00000002
LVDIF                             00000002
LVDIP                             00000002
LVDL0                             00000000
LVDL1                             00000001
LVDL2                             00000002
LVDL3                             00000003
LVV0                              00000000
LVV1                              00000001
LVV2                              00000002
LVV3                              00000003
MAIN                              00000092
MCLR                              00000003
N                                 00000004
NOPS10                            0000010E
NOPS5                             00000116
NOPS50                            0000011A
NOT_A                             00000005
NOT_ADDRESS                       00000005
NOT_BOR                           00000000
NOT_CS                            00000002
NOT_DONE                          00000001
NOT_MCLR                          00000003
NOT_PD                            00000002
NOT_POR                           00000001
NOT_RBPU                          00000007
NOT_RD                            00000000
NOT_RI                            00000004
NOT_SS                            00000005
NOT_T1SYNC                        00000002
NOT_T3SYNC                        00000002
MPASM 5.71                         FASE3.ASM   2-17-2017  14:09:21         PAGE 13


SYMBOL TABLE
  LABEL                             VALUE 

NOT_TO                            00000003
NOT_W                             00000002
NOT_WR                            00000001
NOT_WRITE                         00000002
OBF                               00000006
OERR                              00000001
OSC1                              00000007
OSC2                              00000006
OSCCON                            00000FD3
OSCFIE                            00000007
OSCFIF                            00000007
OSCFIP                            00000007
OSCTUNE                           00000F9B
OSTS                              00000003
OV                                00000003
P                                 00000004
P1A                               00000002
P1B                               00000005
P1C                               00000006
P1D                               00000007
P1M0                              00000006
P1M1                              00000007
PC                                00000FF9
PCFG0                             00000000
PCFG1                             00000001
PCFG2                             00000002
PCFG3                             00000003
PCL                               00000FF9
PCLATH                            00000FFA
PCLATU                            00000FFB
PD                                00000002
PDC0                              00000000
PDC1                              00000001
PDC2                              00000002
PDC3                              00000003
PDC4                              00000004
PDC5                              00000005
PDC6                              00000006
PEIE                              00000006
PEIE_GIEL                         00000006
PEN                               00000002
PGC                               00000006
PGD                               00000007
PGM                               00000005
PIE1                              00000F9D
PIE2                              00000FA0
PIR1                              00000F9E
PIR2                              00000FA1
PLLEN                             00000006
PLUSW0                            00000FEB
PLUSW1                            00000FE3
PLUSW2                            00000FDB
POR                               00000001
MPASM 5.71                         FASE3.ASM   2-17-2017  14:09:21         PAGE 14


SYMBOL TABLE
  LABEL                             VALUE 

PORTA                             00000F80
PORTB                             00000F81
PORTC                             00000F82
PORTD                             00000F83
PORTE                             00000F84
POSTDEC0                          00000FED
POSTDEC1                          00000FE5
POSTDEC2                          00000FDD
POSTINC0                          00000FEE
POSTINC1                          00000FE6
POSTINC2                          00000FDE
PR2                               00000FCB
PREINC0                           00000FEC
PREINC1                           00000FE4
PREINC2                           00000FDC
PROCESSA_BYTE                     000000B0
PROCESSA_LEDS                     00000026
PROD                              00000FF3
PRODH                             00000FF4
PRODL                             00000FF3
PRSEN                             00000007
PSA                               00000003
PSP0                              00000000
PSP1                              00000001
PSP2                              00000002
PSP3                              00000003
PSP4                              00000004
PSP5                              00000005
PSP6                              00000006
PSP7                              00000007
PSPIE                             00000007
PSPIF                             00000007
PSPIP                             00000007
PSPMODE                           00000004
PSSAC0                            00000002
PSSAC1                            00000003
PSSBD0                            00000000
PSSBD1                            00000001
PWM1CON                           00000FB7
QLEDS                             00000000
R                                 00000002
RA0                               00000000
RA1                               00000001
RA2                               00000002
RA3                               00000003
RA4                               00000004
RA5                               00000005
RA6                               00000006
RA7                               00000007
RB0                               00000000
RB1                               00000001
RB2                               00000002
RB3                               00000003
MPASM 5.71                         FASE3.ASM   2-17-2017  14:09:21         PAGE 15


SYMBOL TABLE
  LABEL                             VALUE 

RB4                               00000004
RB5                               00000005
RB6                               00000006
RB7                               00000007
RBIE                              00000003
RBIF                              00000000
RBIP                              00000000
RBPU                              00000007
RC0                               00000000
RC1                               00000001
RC2                               00000002
RC3                               00000003
RC4                               00000004
RC5                               00000005
RC6                               00000006
RC7                               00000007
RCEN                              00000003
RCIDL                             00000006
RCIE                              00000005
RCIF                              00000005
RCIP                              00000005
RCMT                              00000006
RCON                              00000FD0
RCREG                             00000FAE
RCSTA                             00000FAB
RD                                00000000
RD0                               00000000
RD1                               00000001
RD16                              00000007
RD2                               00000002
RD3                               00000003
RD4                               00000004
RD5                               00000005
RD6                               00000006
RD7                               00000007
RE0                               00000000
RE1                               00000001
RE2                               00000002
RE3                               00000003
RESET_RAM                         000000C8
RESET_TIMER                       00000068
RESET_VECTOR                      00000000
RI                                00000004
RSEN                              00000001
RX                                00000007
RX9                               00000006
RX9D                              00000000
RXDTP                             00000005
R_NOT_W                           00000002
R_W                               00000002
S                                 00000003
SBOREN                            00000006
SCK                               00000003
MPASM 5.71                         FASE3.ASM   2-17-2017  14:09:21         PAGE 16


SYMBOL TABLE
  LABEL                             VALUE 

SCKP                              00000004
SCL                               00000003
SCS0                              00000000
SCS1                              00000001
SDA                               00000004
SDI                               00000004
SDO                               00000005
SEN                               00000000
SENDB                             00000003
SMP                               00000007
SP0                               00000000
SP1                               00000001
SP2                               00000002
SP3                               00000003
SP4                               00000004
SPBRG                             00000FAF
SPBRGH                            00000FB0
SPEN                              00000007
SREN                              00000005
SSPADD                            00000FC8
SSPBUF                            00000FC9
SSPCON1                           00000FC6
SSPCON2                           00000FC5
SSPEN                             00000005
SSPIE                             00000003
SSPIF                             00000003
SSPIP                             00000003
SSPM0                             00000000
SSPM1                             00000001
SSPM2                             00000002
SSPM3                             00000003
SSPOV                             00000006
SSPSTAT                           00000FC7
STATUS                            00000FD8
STKFUL                            00000007
STKOVF                            00000007
STKPTR                            00000FFC
STKUNF                            00000006
SWDTE                             00000000
SWDTEN                            00000000
SYNC                              00000004
T016BIT                           00000006
T08BIT                            00000006
T0CKI                             00000004
T0CON                             00000FD5
T0CS                              00000005
T0IE                              00000005
T0IF                              00000002
T0PS0                             00000000
T0PS1                             00000001
T0PS2                             00000002
T0SE                              00000004
T13CKI                            00000000
MPASM 5.71                         FASE3.ASM   2-17-2017  14:09:21         PAGE 17


SYMBOL TABLE
  LABEL                             VALUE 

T1CKI                             00000000
T1CKPS0                           00000004
T1CKPS1                           00000005
T1CON                             00000FCD
T1OSCEN                           00000003
T1OSI                             00000001
T1OSO                             00000000
T1RUN                             00000006
T1SYNC                            00000002
T2CKPS0                           00000000
T2CKPS1                           00000001
T2CON                             00000FCA
T2OUTPS0                          00000003
T2OUTPS1                          00000004
T2OUTPS2                          00000005
T2OUTPS3                          00000006
T3CCP1                            00000003
T3CCP2                            00000006
T3CKPS0                           00000004
T3CKPS1                           00000005
T3CON                             00000FB1
T3SYNC                            00000002
TABLAT                            00000FF5
TBLPTR                            00000FF6
TBLPTRH                           00000FF7
TBLPTRL                           00000FF6
TBLPTRU                           00000FF8
TMR0                              00000FD6
TMR0H                             00000FD7
TMR0IE                            00000005
TMR0IF                            00000002
TMR0IP                            00000002
TMR0L                             00000FD6
TMR0ON                            00000007
TMR1                              00000FCE
TMR1CS                            00000001
TMR1H                             00000FCF
TMR1IE                            00000000
TMR1IF                            00000000
TMR1IP                            00000000
TMR1L                             00000FCE
TMR1ON                            00000000
TMR2                              00000FCC
TMR2IE                            00000001
TMR2IF                            00000001
TMR2IP                            00000001
TMR2ON                            00000002
TMR3                              00000FB2
TMR3CS                            00000001
TMR3H                             00000FB3
TMR3IE                            00000001
TMR3IF                            00000001
TMR3IP                            00000001
MPASM 5.71                         FASE3.ASM   2-17-2017  14:09:21         PAGE 18


SYMBOL TABLE
  LABEL                             VALUE 

TMR3L                             00000FB2
TMR3ON                            00000000
TO                                00000003
TOS                               00000FFD
TOSH                              00000FFE
TOSL                              00000FFD
TOSU                              00000FFF
TOUTPS0                           00000003
TOUTPS1                           00000004
TOUTPS2                           00000005
TOUTPS3                           00000006
TRISA                             00000F92
TRISA0                            00000000
TRISA1                            00000001
TRISA2                            00000002
TRISA3                            00000003
TRISA4                            00000004
TRISA5                            00000005
TRISA6                            00000006
TRISA7                            00000007
TRISB                             00000F93
TRISB0                            00000000
TRISB1                            00000001
TRISB2                            00000002
TRISB3                            00000003
TRISB4                            00000004
TRISB5                            00000005
TRISB6                            00000006
TRISB7                            00000007
TRISC                             00000F94
TRISC0                            00000000
TRISC1                            00000001
TRISC2                            00000002
TRISC3                            00000003
TRISC4                            00000004
TRISC5                            00000005
TRISC6                            00000006
TRISC7                            00000007
TRISD                             00000F95
TRISD0                            00000000
TRISD1                            00000001
TRISD2                            00000002
TRISD3                            00000003
TRISD4                            00000004
TRISD5                            00000005
TRISD6                            00000006
TRISD7                            00000007
TRISE                             00000F96
TRISE0                            00000000
TRISE1                            00000001
TRISE2                            00000002
TRMT                              00000001
TUN0                              00000000
MPASM 5.71                         FASE3.ASM   2-17-2017  14:09:21         PAGE 19


SYMBOL TABLE
  LABEL                             VALUE 

TUN1                              00000001
TUN2                              00000002
TUN3                              00000003
TUN4                              00000004
TX                                00000006
TX9                               00000006
TX9D                              00000000
TXCKP                             00000004
TXEN                              00000005
TXIE                              00000004
TXIF                              00000004
TXIP                              00000004
TXREG                             00000FAD
TXSTA                             00000FAC
TX_PC                             000000F6
UA                                00000001
VCFG0                             00000004
VCFG1                             00000005
VDIRMAG                           00000007
VPP                               00000003
VREFM                             00000002
VREFP                             00000003
W                                 00000000
WCOL                              00000007
WDTCON                            00000FD1
WR                                00000001
WREG                              00000FE8
WREN                              00000002
WRERR                             00000003
WUE                               00000001
Z                                 00000002
_BBSIZ_BB1K_4L                    000000FF
_BBSIZ_BB256_4L                   000000CF
_BBSIZ_BB512_4L                   000000DF
_BORV_0_2L                        000000E7
_BORV_1_2L                        000000EF
_BORV_2_2L                        000000F7
_BORV_3_2L                        000000FF
_BOR_NOSLP_2L                     000000FD
_BOR_OFF_2L                       000000F9
_BOR_ON_2L                        000000FF
_BOR_SOFT_2L                      000000FB
_CCP2MX_RB3_3H                    000000FE
_CCP2MX_RC1_3H                    000000FF
_CONFIG1H                         00300001
_CONFIG2H                         00300003
_CONFIG2L                         00300002
_CONFIG3H                         00300005
_CONFIG4L                         00300006
_CONFIG5H                         00300009
_CONFIG5L                         00300008
_CONFIG6H                         0030000B
_CONFIG6L                         0030000A
MPASM 5.71                         FASE3.ASM   2-17-2017  14:09:21         PAGE 20


SYMBOL TABLE
  LABEL                             VALUE 

_CONFIG7H                         0030000D
_CONFIG7L                         0030000C
_CP0_OFF_5L                       000000FF
_CP0_ON_5L                        000000FE
_CP1_OFF_5L                       000000FF
_CP1_ON_5L                        000000FD
_CPB_OFF_5H                       000000FF
_CPB_ON_5H                        000000BF
_CPD_OFF_5H                       000000FF
_CPD_ON_5H                        0000007F
_DEBUG_OFF_4L                     000000FF
_DEBUG_ON_4L                      0000007F
_DEVID1                           003FFFFE
_DEVID2                           003FFFFF
_EBTR0_OFF_7L                     000000FF
_EBTR0_ON_7L                      000000FE
_EBTR1_OFF_7L                     000000FF
_EBTR1_ON_7L                      000000FD
_EBTRB_OFF_7H                     000000FF
_EBTRB_ON_7H                      000000BF
_FCMEN_OFF_1H                     000000BF
_FCMEN_ON_1H                      000000FF
_IDLOC0                           00200000
_IDLOC1                           00200001
_IDLOC2                           00200002
_IDLOC3                           00200003
_IDLOC4                           00200004
_IDLOC5                           00200005
_IDLOC6                           00200006
_IDLOC7                           00200007
_IESO_OFF_1H                      0000007F
_IESO_ON_1H                       000000FF
_LPT1OSC_OFF_3H                   000000FB
_LPT1OSC_ON_3H                    000000FF
_LVP_OFF_4L                       000000FB
_LVP_ON_4L                        000000FF
_MCLRE_OFF_3H                     0000007F
_MCLRE_ON_3H                      000000FF
_OSC_ECIO_1H                      000000F5
_OSC_EC_1H                        000000F4
_OSC_HSPLL_1H                     000000F6
_OSC_HS_1H                        000000F2
_OSC_INTIO1_1H                    000000F9
_OSC_INTIO2_1H                    000000F8
_OSC_LP_1H                        000000F0
_OSC_RCIO_1H                      000000F7
_OSC_RC_1H                        000000F3
_OSC_XT_1H                        000000F1
_PBADEN_ANA_3H                    000000FF
_PBADEN_DIG_3H                    000000FD
_PWRT_OFF_2L                      000000FF
_PWRT_ON_2L                       000000FE
_STVREN_OFF_4L                    000000FE
MPASM 5.71                         FASE3.ASM   2-17-2017  14:09:21         PAGE 21


SYMBOL TABLE
  LABEL                             VALUE 

_STVREN_ON_4L                     000000FF
_WDTPS_1024_2H                    000000F5
_WDTPS_128_2H                     000000EF
_WDTPS_16384_2H                   000000FD
_WDTPS_16_2H                      000000E9
_WDTPS_1_2H                       000000E1
_WDTPS_2048_2H                    000000F7
_WDTPS_256_2H                     000000F1
_WDTPS_2_2H                       000000E3
_WDTPS_32768_2H                   000000FF
_WDTPS_32_2H                      000000EB
_WDTPS_4096_2H                    000000F9
_WDTPS_4_2H                       000000E5
_WDTPS_512_2H                     000000F3
_WDTPS_64_2H                      000000ED
_WDTPS_8192_2H                    000000FB
_WDTPS_8_2H                       000000E7
_WDT_OFF_2H                       000000FE
_WDT_ON_2H                        000000FF
_WRT0_OFF_6L                      000000FF
_WRT0_ON_6L                       000000FE
_WRT1_OFF_6L                      000000FF
_WRT1_ON_6L                       000000FD
_WRTB_OFF_6H                      000000FF
_WRTB_ON_6H                       000000BF
_WRTC_OFF_6H                      000000FF
_WRTC_ON_6H                       000000DF
_WRTD_OFF_6H                      000000FF
_WRTD_ON_6H                       0000007F
_XINST_OFF_4L                     000000BF
_XINST_ON_4L                      000000FF
__18F4321                         00000001

Errors   :     0
Warnings :     0 reported,     0 suppressed
Messages :     0 reported,     0 suppressed

